********************************************************************************
product = Open Liberty 22.0.0.1 (wlp-1.0.60.cl220120220103-1900)
wlp.install.dir = /Users/anusreegopi/Desktop/ANUSREE/A-TEST/java/MicroProfile/simpledemo/target/liberty/wlp/
java.home = /Library/Java/JavaVirtualMachines/jdk-17.jdk/Contents/Home
java.version = 17
java.runtime = Java(TM) SE Runtime Environment (17+35-LTS-2724)
os = Mac OS X (11.6; x86_64) (en_IN)
process = 12015@Anusrees-MBP.bbrouter
********************************************************************************
[14/02/22, 18:22:27:236 IST] 00000001 com.ibm.ws.kernel.launch.internal.FrameworkManager           A CWWKE0001I: The server demo has been launched.
[14/02/22, 18:22:27:985 IST] 00000001 com.ibm.ws.kernel.launch.internal.FrameworkManager           I CWWKE0002I: The kernel started after 1.072 seconds
[14/02/22, 18:22:28:022 IST] 0000002b com.ibm.ws.kernel.feature.internal.FeatureManager            I CWWKF0007I: Feature update started.
[14/02/22, 18:22:29:133 IST] 00000022 .apache.cxf.cxf.core.3.2:1.0.60.cl220120220103-1900(id=127)] I Aries Blueprint packages not available. So namespaces will not be registered
[14/02/22, 18:22:29:135 IST] 00000023 .apache.cxf.cxf.core.3.2:1.0.60.cl220120220103-1900(id=127)] I Aries Blueprint packages not available. So namespaces will not be registered
[14/02/22, 18:22:29:176 IST] 0000001f com.ibm.ws.security.ready.internal.SecurityReadyServiceImpl  I CWWKS0007I: The security service is starting...
[14/02/22, 18:22:29:342 IST] 00000020 com.ibm.ws.app.manager.internal.monitor.DropinMonitor        A CWWKZ0058I: Monitoring dropins for applications.
[14/02/22, 18:22:29:506 IST] 00000020 rty.security.mp.jwt.v12.config.impl.MpConfigProxyServiceImpl I CWWKS5780I: The MicroProfile JWT version 1.2 mpConfigProxy processed successfully.
[14/02/22, 18:22:29:508 IST] 00000020 .ws.security.mp.jwt.v11.config.impl.MpConfigProxyServiceImpl I CWWKS5775I: The MicroProfile JWT version 1.1 mpConfigProxy processed successfully.
[14/02/22, 18:22:29:515 IST] 00000022 com.ibm.ws.cache.ServerCache                                 I DYNA1001I: WebSphere Dynamic Cache instance named baseCache initialized successfully.
[14/02/22, 18:22:29:517 IST] 00000022 com.ibm.ws.cache.ServerCache                                 I DYNA1071I: The cache provider default is being used.
[14/02/22, 18:22:29:517 IST] 00000022 com.ibm.ws.cache.CacheServiceImpl                            I DYNA1056I: Dynamic Cache (object cache) initialized successfully.
[14/02/22, 18:22:29:631 IST] 00000027 com.ibm.ws.ssl.config.WSKeyStore                             I CWPKI0802I: Creating the SSL certificate. This may take a few seconds.
[14/02/22, 18:22:29:642 IST] 00000039 com.ibm.ws.security.token.ltpa.LTPAKeyInfoManager            I CWWKS4103I: Creating the LTPA keys. This may take a few seconds.
[14/02/22, 18:22:29:660 IST] 0000001f ibm.ws.security.authentication.internal.jaas.JAASServiceImpl I CWWKS1123I: The collective authentication plugin with class name NullCollectiveAuthenticationPlugin has been activated. 
[14/02/22, 18:22:29:764 IST] 0000001f com.ibm.ws.security.jwt.internal.ConsumerImpl                I CWWKS6012I: The JSON Web Token (JWT) consumer service is available.
[14/02/22, 18:22:29:776 IST] 0000001f com.ibm.ws.security.jwt.web.JwtEndpointServices              I CWWKS6002I: The JSON Web Token (JWT) endpoint service is available.
[14/02/22, 18:22:29:818 IST] 0000001f com.ibm.ws.security.jaspi.AuthConfigFactoryWrapper           I CWWKS1655I: The default Java Authentication SPI for Containers (JASPIC) AuthConfigFactory class com.ibm.ws.security.jaspi.ProviderRegistry is being used because the Java security property authconfigprovider.factory is not set. 
[14/02/22, 18:22:29:997 IST] 0000001f com.ibm.ws.session.WASSessionCore                            I SESN8501I: The session manager did not find a persistent storage location; HttpSession objects will be stored in the local application server's memory.
[14/02/22, 18:22:29:999 IST] 00000039 com.ibm.ws.security.token.ltpa.LTPAKeyInfoManager            A CWWKS4104A: LTPA keys created in 0.357 seconds. LTPA key file: /Users/anusreegopi/Desktop/ANUSREE/A-TEST/java/MicroProfile/simpledemo/target/liberty/wlp/usr/servers/demo/resources/security/ltpa.keys
[14/02/22, 18:22:30:001 IST] 00000039 com.ibm.ws.security.token.ltpa.internal.LTPAKeyCreateTask    I CWWKS4105I: LTPA configuration is ready after 0.360 seconds.
[14/02/22, 18:22:30:036 IST] 0000001f .microprofile.metrics.internal.monitor.MonitorMetricsHandler I CWPMI2003I: Monitoring metrics can be retrieved through mpMetrics.
[14/02/22, 18:22:30:278 IST] 00000046 com.ibm.ws.app.manager.AppMessageHelper                      I CWWKZ0018I: Starting application demo.
[14/02/22, 18:22:30:279 IST] 00000046 bm.ws.app.manager.war.internal.WARDeployedAppInfoFactoryImpl I CWWKZ0134I: The demo application is using the loose application definition at the /Users/anusreegopi/Desktop/ANUSREE/A-TEST/java/MicroProfile/simpledemo/target/liberty/wlp/usr/servers/demo/apps/demo.war.xml location.
[14/02/22, 18:22:30:410 IST] 00000027 com.ibm.ws.ssl.config.WSKeyStore                             A CWPKI0803A: SSL certificate created in 0.779 seconds. SSL key file: /Users/anusreegopi/Desktop/ANUSREE/A-TEST/java/MicroProfile/simpledemo/target/liberty/wlp/usr/servers/demo/resources/security/public.jks
[14/02/22, 18:22:30:410 IST] 00000027 com.ibm.ws.ssl.config.WSKeyStore                             I Successfully loaded default keystore: /Users/anusreegopi/Desktop/ANUSREE/A-TEST/java/MicroProfile/simpledemo/target/liberty/wlp/usr/servers/demo/resources/security/public.jks of type: JKS
[14/02/22, 18:22:30:487 IST] 00000027 com.ibm.ws.security.mp.jwt.impl.MicroProfileJwtServiceImpl   I CWWKS5500I: The MicroProfile JWT configuration [MicroProfileJwtService] was successfully processed.
[14/02/22, 18:22:30:489 IST] 00000027 com.ibm.ws.security.mp.jwt.impl.MicroProfileJwtConfigImpl    I CWWKS5500I: The MicroProfile JWT configuration [jwtUserConsumer] was successfully processed.
[14/02/22, 18:22:30:490 IST] 00000027 com.ibm.ws.security.mp.jwt.impl.MicroProfileJwtConfigImpl    I CWWKS5500I: The MicroProfile JWT configuration [defaultMpJwt] was successfully processed.
[14/02/22, 18:22:30:493 IST] 00000041 com.ibm.ws.webcontainer.osgi.webapp.WebGroup                 I SRVE0169I: Loading Web Module: com.ibm.ws.security.jwt.
[14/02/22, 18:22:30:492 IST] 00000042 com.ibm.ws.webcontainer.osgi.webapp.WebGroup                 I SRVE0169I: Loading Web Module: ibm/api.
[14/02/22, 18:22:30:492 IST] 00000045 com.ibm.ws.webcontainer.osgi.webapp.WebGroup                 I SRVE0169I: Loading Web Module: OpenAPIUI.
[14/02/22, 18:22:30:492 IST] 00000040 com.ibm.ws.webcontainer.osgi.webapp.WebGroup                 I SRVE0169I: Loading Web Module: health.
[14/02/22, 18:22:30:491 IST] 00000043 com.ibm.ws.webcontainer.osgi.webapp.WebGroup                 I SRVE0169I: Loading Web Module: PublicMicroProfileMetrics.
[14/02/22, 18:22:30:493 IST] 00000044 com.ibm.ws.webcontainer.osgi.webapp.WebGroup                 I SRVE0169I: Loading Web Module: MicroProfileOpenAPI.
[14/02/22, 18:22:30:493 IST] 00000042 com.ibm.ws.webcontainer                                      I SRVE0250I: Web Module ibm/api has been bound to default_host.
[14/02/22, 18:22:30:494 IST] 00000043 com.ibm.ws.webcontainer                                      I SRVE0250I: Web Module PublicMicroProfileMetrics has been bound to default_host.
[14/02/22, 18:22:30:493 IST] 00000045 com.ibm.ws.webcontainer                                      I SRVE0250I: Web Module OpenAPIUI has been bound to default_host.
[14/02/22, 18:22:30:493 IST] 00000041 com.ibm.ws.webcontainer                                      I SRVE0250I: Web Module com.ibm.ws.security.jwt has been bound to default_host.
[14/02/22, 18:22:30:493 IST] 00000040 com.ibm.ws.webcontainer                                      I SRVE0250I: Web Module health has been bound to default_host.
[14/02/22, 18:22:30:494 IST] 00000044 com.ibm.ws.webcontainer                                      I SRVE0250I: Web Module MicroProfileOpenAPI has been bound to default_host.
[14/02/22, 18:22:30:495 IST] 00000042 com.ibm.ws.http.internal.VirtualHostImpl                     A CWWKT0016I: Web application available (default_host): http://localhost:9080/ibm/api/
[14/02/22, 18:22:30:496 IST] 00000044 com.ibm.ws.http.internal.VirtualHostImpl                     A CWWKT0016I: Web application available (default_host): http://localhost:9080/openapi/
[14/02/22, 18:22:30:496 IST] 00000040 com.ibm.ws.http.internal.VirtualHostImpl                     A CWWKT0016I: Web application available (default_host): http://localhost:9080/health/
[14/02/22, 18:22:30:496 IST] 00000041 com.ibm.ws.http.internal.VirtualHostImpl                     A CWWKT0016I: Web application available (default_host): http://localhost:9080/jwt/
[14/02/22, 18:22:30:496 IST] 00000045 com.ibm.ws.http.internal.VirtualHostImpl                     A CWWKT0016I: Web application available (default_host): http://localhost:9080/openapi/ui/
[14/02/22, 18:22:30:497 IST] 00000043 com.ibm.ws.http.internal.VirtualHostImpl                     A CWWKT0016I: Web application available (default_host): http://localhost:9080/metrics/
[14/02/22, 18:22:30:546 IST] 00000051 com.ibm.ws.session.WASSessionCore                            I SESN0176I: A new session context will be created for application key default_host/health
[14/02/22, 18:22:30:546 IST] 0000004f com.ibm.ws.session.WASSessionCore                            I SESN0176I: A new session context will be created for application key default_host/openapi
[14/02/22, 18:22:30:546 IST] 00000053 com.ibm.ws.session.WASSessionCore                            I SESN0176I: A new session context will be created for application key default_host/openapi/ui
[14/02/22, 18:22:30:546 IST] 00000050 com.ibm.ws.session.WASSessionCore                            I SESN0176I: A new session context will be created for application key default_host/jwt
[14/02/22, 18:22:30:546 IST] 00000052 com.ibm.ws.session.WASSessionCore                            I SESN0176I: A new session context will be created for application key default_host/ibm/api
[14/02/22, 18:22:30:546 IST] 00000055 com.ibm.ws.session.WASSessionCore                            I SESN0176I: A new session context will be created for application key default_host/metrics
[14/02/22, 18:22:30:579 IST] 00000051 com.ibm.ws.util                                              I SESN0172I: The session manager is using the Java default SecureRandom implementation for session ID generation.
[14/02/22, 18:22:30:589 IST] 00000055 com.ibm.ws.util                                              I SESN0172I: The session manager is using the Java default SecureRandom implementation for session ID generation.
[14/02/22, 18:22:30:589 IST] 00000052 com.ibm.ws.util                                              I SESN0172I: The session manager is using the Java default SecureRandom implementation for session ID generation.
[14/02/22, 18:22:30:589 IST] 00000050 com.ibm.ws.util                                              I SESN0172I: The session manager is using the Java default SecureRandom implementation for session ID generation.
[14/02/22, 18:22:30:590 IST] 00000053 com.ibm.ws.util                                              I SESN0172I: The session manager is using the Java default SecureRandom implementation for session ID generation.
[14/02/22, 18:22:30:590 IST] 0000004f com.ibm.ws.util                                              I SESN0172I: The session manager is using the Java default SecureRandom implementation for session ID generation.
[14/02/22, 18:22:30:602 IST] 00000053 com.ibm.ws.cache.CacheServiceImpl                            I DYNA1056I: Dynamic Cache (object cache) initialized successfully.
[14/02/22, 18:22:30:678 IST] 00000055 com.ibm.ws.webcontainer.servlet                              I SRVE0242I: [io.openliberty.microprofile.metrics.internal.public] [/metrics] [PublicMetricsRESTProxyServlet]: Initialization successful.
[14/02/22, 18:22:30:680 IST] 0000004f com.ibm.ws.webcontainer.servlet                              I SRVE0242I: [io.openliberty.microprofile.openapi.2.0.internal] [/openapi] [ApplicationServlet]: Initialization successful.
[14/02/22, 18:22:30:683 IST] 00000051 com.ibm.ws.webcontainer.servlet                              I SRVE0242I: [io.openliberty.microprofile.health.3.1.internal] [/health] [HealthCheckReadinessServlet]: Initialization successful.
[14/02/22, 18:22:30:684 IST] 00000051 com.ibm.ws.webcontainer.servlet                              I SRVE0242I: [io.openliberty.microprofile.health.3.1.internal] [/health] [HealthCheckServlet]: Initialization successful.
[14/02/22, 18:22:30:685 IST] 00000051 com.ibm.ws.webcontainer.servlet                              I SRVE0242I: [io.openliberty.microprofile.health.3.1.internal] [/health] [HealthCheckStartupServlet]: Initialization successful.
[14/02/22, 18:22:30:685 IST] 00000051 com.ibm.ws.webcontainer.servlet                              I SRVE0242I: [io.openliberty.microprofile.health.3.1.internal] [/health] [HealthCheckLivenessServlet]: Initialization successful.
[14/02/22, 18:22:30:746 IST] 00000057 com.ibm.ws.webcontainer.osgi.mbeans.PluginGenerator          I SRVE9103I: A configuration file for a web server plugin was automatically generated for this server at /Users/anusreegopi/Desktop/ANUSREE/A-TEST/java/MicroProfile/simpledemo/target/liberty/wlp/usr/servers/demo/logs/state/plugin-cfg.xml.
[14/02/22, 18:22:31:750 IST] 00000046 io.openliberty.microprofile.openapi20.ApplicationProcessor   I CWWKO1660I: The application demo was processed and an OpenAPI document was produced.
[14/02/22, 18:22:31:770 IST] 00000046 org.jboss.weld.Version                                       I WELD-000900: 3.1.8 (Final)
[14/02/22, 18:22:32:936 IST] 00000046 com.ibm.ws.webcontainer.osgi.webapp.WebGroup                 I SRVE0169I: Loading Web Module: demo.
[14/02/22, 18:22:32:936 IST] 00000046 com.ibm.ws.webcontainer                                      I SRVE0250I: Web Module demo has been bound to default_host.
[14/02/22, 18:22:32:936 IST] 00000046 com.ibm.ws.http.internal.VirtualHostImpl                     A CWWKT0016I: Web application available (default_host): http://localhost:9080/
[14/02/22, 18:22:32:938 IST] 00000051 com.ibm.ws.session.WASSessionCore                            I SESN0176I: A new session context will be created for application key default_host/
[14/02/22, 18:22:32:939 IST] 00000051 com.ibm.ws.util                                              I SESN0172I: The session manager is using the Java default SecureRandom implementation for session ID generation.
[14/02/22, 18:22:32:954 IST] 0000002f com.ibm.ws.webcontainer.osgi.mbeans.PluginGenerator          I SRVE9103I: A configuration file for a web server plugin was automatically generated for this server at /Users/anusreegopi/Desktop/ANUSREE/A-TEST/java/MicroProfile/simpledemo/target/liberty/wlp/usr/servers/demo/logs/state/plugin-cfg.xml.
[14/02/22, 18:22:32:959 IST] 00000051 com.ibm.ws.app.manager.AppMessageHelper                      A CWWKZ0001I: Application demo started in 2.680 seconds.
[14/02/22, 18:22:32:970 IST] 0000002b com.ibm.ws.tcpchannel.internal.TCPPort                       I CWWKO0219I: TCP Channel defaultHttpEndpoint has been started and is now listening for requests on host localhost  (IPv4: 127.0.0.1) port 9080.
[14/02/22, 18:22:32:971 IST] 0000002b com.ibm.ws.tcpchannel.internal.TCPPort                       I CWWKO0219I: TCP Channel defaultHttpEndpoint-ssl has been started and is now listening for requests on host localhost  (IPv4: 127.0.0.1) port 9443.
[14/02/22, 18:22:32:992 IST] 0000002b com.ibm.ws.kernel.feature.internal.FeatureManager            A CWWKF0012I: The server installed the following features: [appSecurity-3.0, cdi-2.0, distributedMap-1.0, el-3.0, jaxrs-2.1, jaxrsClient-2.1, jndi-1.0, json-1.0, jsonb-1.0, jsonp-1.1, jwt-1.0, microProfile-4.1, monitor-1.0, mpConfig-2.0, mpFaultTolerance-3.0, mpHealth-3.1, mpJwt-1.2, mpMetrics-3.0, mpOpenAPI-2.0, mpOpenTracing-2.0, mpRestClient-2.0, opentracing-2.0, servlet-4.0, ssl-1.0].
[14/02/22, 18:22:32:992 IST] 0000002b com.ibm.ws.kernel.feature.internal.FeatureManager            I CWWKF0008I: Feature update completed in 5.008 seconds.
[14/02/22, 18:22:32:992 IST] 0000002b com.ibm.ws.kernel.feature.internal.FeatureManager            A CWWKF0011I: The demo server is ready to run a smarter planet. The demo server started in 6.080 seconds.
[14/02/22, 18:22:45:310 IST] 00000039 .apache.cxf.cxf.core.3.2:1.0.60.cl220120220103-1900(id=127)] I Setting the server's publish address to be /data/
[14/02/22, 18:22:45:358 IST] 00000039 com.ibm.ws.webcontainer.servlet                              I SRVE0242I: [demo] [/] [com.tm.demo.DemoRestApplication]: Initialization successful.
[14/02/22, 18:22:45:526 IST] 00000039 io.jaegertracing.Configuration                               I Initialized tracer=JaegerTracer(version=Java-1.5.0, serviceName=demo, reporter=RemoteReporter(sender=UdpSender(host=localhost, port=6831), closeEnqueueTimeout=1000), sampler=RemoteControlledSampler(maxOperations=2000, manager=HttpSamplingManager(hostPort=localhost:5778), sampler=ProbabilisticSampler(tags={sampler.type=probabilistic, sampler.param=0.001})), tags={hostname=Anusrees-MBP.bbrouter, jaeger.version=Java-1.5.0, ip=192.168.1.33}, zipkinSharedRpcSpan=false, expandExceptionLogs=false, useTraceId128Bit=false)
[14/02/22, 18:22:45:526 IST] 00000039 m.ibm.ws.microprofile.opentracing.jaeger.JaegerTracerFactory I CWMOT1001I: A JaegerTracer instance was created for the demo application.  Tracing information is sent to localhost:6831.
[14/02/22, 18:22:55:262 IST] 0000001b com.ibm.ws.kernel.launch.internal.FrameworkManager           A CWWKE0085I: The server demo is stopping because the JVM is exiting.
[14/02/22, 18:22:55:264 IST] 0000006c com.ibm.ws.runtime.update.internal.RuntimeUpdateManagerImpl  A CWWKE1100I: Waiting for up to 30 seconds for the server to quiesce.
[14/02/22, 18:22:55:268 IST] 00000044 com.ibm.ws.tcpchannel.internal.TCPChannel                    I CWWKO0220I: TCP Channel defaultHttpEndpoint-ssl has stopped listening for requests on host localhost  (IPv4: 127.0.0.1) port 9443.
[14/02/22, 18:22:55:269 IST] 00000044 com.ibm.ws.tcpchannel.internal.TCPChannel                    I CWWKO0220I: TCP Channel defaultHttpEndpoint has stopped listening for requests on host localhost  (IPv4: 127.0.0.1) port 9080.
[14/02/22, 18:22:55:269 IST] 00000044 com.ibm.ws.http.internal.VirtualHostImpl                     A CWWKT0017I: Web application removed (default_host): http://localhost:9080/jwt/
[14/02/22, 18:22:55:269 IST] 00000044 com.ibm.ws.http.internal.VirtualHostImpl                     A CWWKT0017I: Web application removed (default_host): http://localhost:9080/openapi/ui/
[14/02/22, 18:22:55:269 IST] 00000044 com.ibm.ws.http.internal.VirtualHostImpl                     A CWWKT0017I: Web application removed (default_host): http://localhost:9080/health/
[14/02/22, 18:22:55:270 IST] 00000044 com.ibm.ws.http.internal.VirtualHostImpl                     A CWWKT0017I: Web application removed (default_host): http://localhost:9080/metrics/
[14/02/22, 18:22:55:270 IST] 00000044 com.ibm.ws.http.internal.VirtualHostImpl                     A CWWKT0017I: Web application removed (default_host): http://localhost:9080/
[14/02/22, 18:22:55:270 IST] 00000044 com.ibm.ws.http.internal.VirtualHostImpl                     A CWWKT0017I: Web application removed (default_host): http://localhost:9080/ibm/api/
[14/02/22, 18:22:55:270 IST] 00000044 com.ibm.ws.http.internal.VirtualHostImpl                     A CWWKT0017I: Web application removed (default_host): http://localhost:9080/openapi/
[14/02/22, 18:22:55:508 IST] 0000001c com.ibm.ws.kernel.launch.internal.ServerCommandListener      A CWWKE0055I: Server shutdown requested on Monday, 14 February, 2022 at 6:22 pm. The server demo is shutting down.
[14/02/22, 18:22:56:275 IST] 0000006c com.ibm.ws.runtime.update.internal.RuntimeUpdateManagerImpl  I CWWKE1101I: Server quiesce complete.
[14/02/22, 18:22:56:310 IST] 00000038 com.ibm.ws.app.manager.AppMessageHelper                      A CWWKZ0009I: The application demo has stopped successfully.
[14/02/22, 18:22:56:401 IST] 0000006c .microprofile.metrics.internal.monitor.MonitorMetricsHandler I CWPMI2004I: All monitoring metrics were unregistered from mpMetrics.
[14/02/22, 18:22:56:412 IST] 0000006c rty.security.mp.jwt.v12.config.impl.MpConfigProxyServiceImpl I CWWKS5782I: The MicroProfile JWT version 1.2 mpConfigProxy deactivated successfully.
[14/02/22, 18:22:56:413 IST] 0000006c .ws.security.mp.jwt.v11.config.impl.MpConfigProxyServiceImpl I CWWKS5777I: The MicroProfile JWT version 1.1 mpConfigProxy deactivated successfully.
[14/02/22, 18:22:56:424 IST] 0000006c com.ibm.ws.security.mp.jwt.impl.MicroProfileJwtConfigImpl    I CWWKS5502I: The MicroProfile JWT configuration [jwtUserConsumer] was successfully deactivated.
[14/02/22, 18:22:56:425 IST] 0000006c com.ibm.ws.security.mp.jwt.impl.MicroProfileJwtConfigImpl    I CWWKS5502I: The MicroProfile JWT configuration [defaultMpJwt] was successfully deactivated.
[14/02/22, 18:22:56:425 IST] 0000006c com.ibm.ws.security.mp.jwt.impl.MicroProfileJwtServiceImpl   I CWWKS5502I: The MicroProfile JWT configuration [MicroProfileJwtService] was successfully deactivated.
[14/02/22, 18:22:56:495 IST] 0000006c com.ibm.ws.security.ready.internal.SecurityReadyServiceImpl  I CWWKS0009I: The security service has stopped.
[14/02/22, 18:22:56:504 IST] 0000006c ibm.ws.security.authentication.internal.jaas.JAASServiceImpl I CWWKS1124I: The collective authentication plugin with class name NullCollectiveAuthenticationPlugin has been deactivated. 
[14/02/22, 18:22:56:767 IST] 00000001 com.ibm.ws.kernel.launch.internal.FrameworkManager           A CWWKE0036I: The server demo stopped after 29.855 seconds.
