********************************************************************************
product = Open Liberty 22.0.0.1 (wlp-1.0.60.cl220120220103-1900)
wlp.install.dir = /Users/anusreegopi/Desktop/ANUSREE/A-TEST/java/MicroProfile/simpledemo/target/liberty/wlp/
java.home = /Library/Java/JavaVirtualMachines/jdk-17.jdk/Contents/Home
java.version = 17
java.runtime = Java(TM) SE Runtime Environment (17+35-LTS-2724)
os = Mac OS X (11.6; x86_64) (en_IN)
process = 7808@Anusrees-MBP.bbrouter
********************************************************************************
[14/02/22, 14:59:11:801 IST] 00000001 com.ibm.ws.kernel.launch.internal.FrameworkManager           A CWWKE0001I: The server demo has been launched.
[14/02/22, 14:59:12:496 IST] 00000001 com.ibm.ws.kernel.launch.internal.FrameworkManager           I CWWKE0002I: The kernel started after 0.883 seconds
[14/02/22, 14:59:12:539 IST] 0000002d com.ibm.ws.kernel.feature.internal.FeatureManager            I CWWKF0007I: Feature update started.
[14/02/22, 14:59:13:697 IST] 00000025 .apache.cxf.cxf.core.3.2:1.0.60.cl220120220103-1900(id=127)] I Aries Blueprint packages not available. So namespaces will not be registered
[14/02/22, 14:59:13:698 IST] 00000024 .apache.cxf.cxf.core.3.2:1.0.60.cl220120220103-1900(id=127)] I Aries Blueprint packages not available. So namespaces will not be registered
[14/02/22, 14:59:13:749 IST] 00000021 com.ibm.ws.security.ready.internal.SecurityReadyServiceImpl  I CWWKS0007I: The security service is starting...
[14/02/22, 14:59:13:881 IST] 00000022 com.ibm.ws.app.manager.internal.monitor.DropinMonitor        A CWWKZ0058I: Monitoring dropins for applications.
[14/02/22, 14:59:14:097 IST] 00000025 .ws.security.mp.jwt.v11.config.impl.MpConfigProxyServiceImpl I CWWKS5775I: The MicroProfile JWT version 1.1 mpConfigProxy processed successfully.
[14/02/22, 14:59:14:098 IST] 00000024 rty.security.mp.jwt.v12.config.impl.MpConfigProxyServiceImpl I CWWKS5780I: The MicroProfile JWT version 1.2 mpConfigProxy processed successfully.
[14/02/22, 14:59:14:101 IST] 00000023 com.ibm.ws.cache.ServerCache                                 I DYNA1001I: WebSphere Dynamic Cache instance named baseCache initialized successfully.
[14/02/22, 14:59:14:102 IST] 00000023 com.ibm.ws.cache.ServerCache                                 I DYNA1071I: The cache provider default is being used.
[14/02/22, 14:59:14:103 IST] 00000023 com.ibm.ws.cache.CacheServiceImpl                            I DYNA1056I: Dynamic Cache (object cache) initialized successfully.
[14/02/22, 14:59:14:242 IST] 00000029 com.ibm.ws.ssl.config.WSKeyStore                             I CWPKI0802I: Creating the SSL certificate. This may take a few seconds.
[14/02/22, 14:59:14:285 IST] 0000003b com.ibm.ws.security.token.ltpa.LTPAKeyInfoManager            I CWWKS4103I: Creating the LTPA keys. This may take a few seconds.
[14/02/22, 14:59:14:307 IST] 00000021 ibm.ws.security.authentication.internal.jaas.JAASServiceImpl I CWWKS1123I: The collective authentication plugin with class name NullCollectiveAuthenticationPlugin has been activated. 
[14/02/22, 14:59:14:414 IST] 00000021 com.ibm.ws.security.jwt.internal.ConsumerImpl                I CWWKS6012I: The JSON Web Token (JWT) consumer service is available.
[14/02/22, 14:59:14:426 IST] 00000021 com.ibm.ws.security.jwt.web.JwtEndpointServices              I CWWKS6002I: The JSON Web Token (JWT) endpoint service is available.
[14/02/22, 14:59:14:455 IST] 00000021 com.ibm.ws.security.jaspi.AuthConfigFactoryWrapper           I CWWKS1655I: The default Java Authentication SPI for Containers (JASPIC) AuthConfigFactory class com.ibm.ws.security.jaspi.ProviderRegistry is being used because the Java security property authconfigprovider.factory is not set. 
[14/02/22, 14:59:14:646 IST] 00000021 com.ibm.ws.session.WASSessionCore                            I SESN8501I: The session manager did not find a persistent storage location; HttpSession objects will be stored in the local application server's memory.
[14/02/22, 14:59:14:900 IST] 00000021 .microprofile.metrics.internal.monitor.MonitorMetricsHandler I CWPMI2003I: Monitoring metrics can be retrieved through mpMetrics.
[14/02/22, 14:59:14:973 IST] 0000003b com.ibm.ws.security.token.ltpa.LTPAKeyInfoManager            A CWWKS4104A: LTPA keys created in 0.688 seconds. LTPA key file: /Users/anusreegopi/Desktop/ANUSREE/A-TEST/java/MicroProfile/simpledemo/target/liberty/wlp/usr/servers/demo/resources/security/ltpa.keys
[14/02/22, 14:59:14:976 IST] 0000003b com.ibm.ws.security.token.ltpa.internal.LTPAKeyCreateTask    I CWWKS4105I: LTPA configuration is ready after 0.692 seconds.
[14/02/22, 14:59:15:098 IST] 00000029 com.ibm.ws.ssl.config.WSKeyStore                             A CWPKI0803A: SSL certificate created in 0.856 seconds. SSL key file: /Users/anusreegopi/Desktop/ANUSREE/A-TEST/java/MicroProfile/simpledemo/target/liberty/wlp/usr/servers/demo/resources/security/public.jks
[14/02/22, 14:59:15:115 IST] 00000029 com.ibm.ws.ssl.config.WSKeyStore                             I Successfully loaded default keystore: /Users/anusreegopi/Desktop/ANUSREE/A-TEST/java/MicroProfile/simpledemo/target/liberty/wlp/usr/servers/demo/resources/security/public.jks of type: JKS
[14/02/22, 14:59:15:167 IST] 00000029 com.ibm.ws.security.mp.jwt.impl.MicroProfileJwtServiceImpl   I CWWKS5500I: The MicroProfile JWT configuration [MicroProfileJwtService] was successfully processed.
[14/02/22, 14:59:15:168 IST] 00000029 com.ibm.ws.security.mp.jwt.impl.MicroProfileJwtConfigImpl    I CWWKS5500I: The MicroProfile JWT configuration [jwtUserConsumer] was successfully processed.
[14/02/22, 14:59:15:169 IST] 00000029 com.ibm.ws.security.mp.jwt.impl.MicroProfileJwtConfigImpl    I CWWKS5500I: The MicroProfile JWT configuration [defaultMpJwt] was successfully processed.
[14/02/22, 14:59:15:243 IST] 00000050 com.ibm.ws.app.manager.AppMessageHelper                      I CWWKZ0018I: Starting application demo.
[14/02/22, 14:59:15:243 IST] 00000050 bm.ws.app.manager.war.internal.WARDeployedAppInfoFactoryImpl I CWWKZ0134I: The demo application is using the loose application definition at the /Users/anusreegopi/Desktop/ANUSREE/A-TEST/java/MicroProfile/simpledemo/target/liberty/wlp/usr/servers/demo/apps/demo.war.xml location.
[14/02/22, 14:59:15:410 IST] 0000004b com.ibm.ws.webcontainer.osgi.webapp.WebGroup                 I SRVE0169I: Loading Web Module: com.ibm.ws.security.jwt.
[14/02/22, 14:59:15:407 IST] 0000004d com.ibm.ws.webcontainer.osgi.webapp.WebGroup                 I SRVE0169I: Loading Web Module: PublicMicroProfileMetrics.
[14/02/22, 14:59:15:408 IST] 0000004c com.ibm.ws.webcontainer.osgi.webapp.WebGroup                 I SRVE0169I: Loading Web Module: ibm/api.
[14/02/22, 14:59:15:407 IST] 0000004f com.ibm.ws.webcontainer.osgi.webapp.WebGroup                 I SRVE0169I: Loading Web Module: OpenAPIUI.
[14/02/22, 14:59:15:408 IST] 0000004a com.ibm.ws.webcontainer.osgi.webapp.WebGroup                 I SRVE0169I: Loading Web Module: health.
[14/02/22, 14:59:15:410 IST] 0000004c com.ibm.ws.webcontainer                                      I SRVE0250I: Web Module ibm/api has been bound to default_host.
[14/02/22, 14:59:15:410 IST] 0000004d com.ibm.ws.webcontainer                                      I SRVE0250I: Web Module PublicMicroProfileMetrics has been bound to default_host.
[14/02/22, 14:59:15:410 IST] 0000004a com.ibm.ws.webcontainer                                      I SRVE0250I: Web Module health has been bound to default_host.
[14/02/22, 14:59:15:410 IST] 0000004b com.ibm.ws.webcontainer                                      I SRVE0250I: Web Module com.ibm.ws.security.jwt has been bound to default_host.
[14/02/22, 14:59:15:410 IST] 0000004f com.ibm.ws.webcontainer                                      I SRVE0250I: Web Module OpenAPIUI has been bound to default_host.
[14/02/22, 14:59:15:410 IST] 0000004e com.ibm.ws.webcontainer.osgi.webapp.WebGroup                 I SRVE0169I: Loading Web Module: MicroProfileOpenAPI.
[14/02/22, 14:59:15:411 IST] 0000004e com.ibm.ws.webcontainer                                      I SRVE0250I: Web Module MicroProfileOpenAPI has been bound to default_host.
[14/02/22, 14:59:15:411 IST] 0000004c com.ibm.ws.http.internal.VirtualHostImpl                     A CWWKT0016I: Web application available (default_host): http://localhost:9080/ibm/api/
[14/02/22, 14:59:15:412 IST] 0000004e com.ibm.ws.http.internal.VirtualHostImpl                     A CWWKT0016I: Web application available (default_host): http://localhost:9080/openapi/
[14/02/22, 14:59:15:412 IST] 0000004f com.ibm.ws.http.internal.VirtualHostImpl                     A CWWKT0016I: Web application available (default_host): http://localhost:9080/openapi/ui/
[14/02/22, 14:59:15:413 IST] 0000004b com.ibm.ws.http.internal.VirtualHostImpl                     A CWWKT0016I: Web application available (default_host): http://localhost:9080/jwt/
[14/02/22, 14:59:15:431 IST] 0000004a com.ibm.ws.http.internal.VirtualHostImpl                     A CWWKT0016I: Web application available (default_host): http://localhost:9080/health/
[14/02/22, 14:59:15:432 IST] 0000004d com.ibm.ws.http.internal.VirtualHostImpl                     A CWWKT0016I: Web application available (default_host): http://localhost:9080/metrics/
[14/02/22, 14:59:15:468 IST] 00000057 com.ibm.ws.session.WASSessionCore                            I SESN0176I: A new session context will be created for application key default_host/openapi/ui
[14/02/22, 14:59:15:468 IST] 00000056 com.ibm.ws.session.WASSessionCore                            I SESN0176I: A new session context will be created for application key default_host/openapi
[14/02/22, 14:59:15:468 IST] 0000002f com.ibm.ws.session.WASSessionCore                            I SESN0176I: A new session context will be created for application key default_host/metrics
[14/02/22, 14:59:15:468 IST] 00000055 com.ibm.ws.session.WASSessionCore                            I SESN0176I: A new session context will be created for application key default_host/ibm/api
[14/02/22, 14:59:15:468 IST] 00000058 com.ibm.ws.session.WASSessionCore                            I SESN0176I: A new session context will be created for application key default_host/jwt
[14/02/22, 14:59:15:468 IST] 00000059 com.ibm.ws.session.WASSessionCore                            I SESN0176I: A new session context will be created for application key default_host/health
[14/02/22, 14:59:15:513 IST] 00000057 com.ibm.ws.util                                              I SESN0172I: The session manager is using the Java default SecureRandom implementation for session ID generation.
[14/02/22, 14:59:15:527 IST] 00000059 com.ibm.ws.util                                              I SESN0172I: The session manager is using the Java default SecureRandom implementation for session ID generation.
[14/02/22, 14:59:15:528 IST] 00000058 com.ibm.ws.util                                              I SESN0172I: The session manager is using the Java default SecureRandom implementation for session ID generation.
[14/02/22, 14:59:15:528 IST] 00000055 com.ibm.ws.util                                              I SESN0172I: The session manager is using the Java default SecureRandom implementation for session ID generation.
[14/02/22, 14:59:15:529 IST] 0000002f com.ibm.ws.util                                              I SESN0172I: The session manager is using the Java default SecureRandom implementation for session ID generation.
[14/02/22, 14:59:15:529 IST] 00000056 com.ibm.ws.util                                              I SESN0172I: The session manager is using the Java default SecureRandom implementation for session ID generation.
[14/02/22, 14:59:15:538 IST] 00000057 com.ibm.ws.cache.CacheServiceImpl                            I DYNA1056I: Dynamic Cache (object cache) initialized successfully.
[14/02/22, 14:59:15:616 IST] 00000056 com.ibm.ws.webcontainer.servlet                              I SRVE0242I: [io.openliberty.microprofile.openapi.2.0.internal] [/openapi] [ApplicationServlet]: Initialization successful.
[14/02/22, 14:59:15:617 IST] 00000059 com.ibm.ws.webcontainer.servlet                              I SRVE0242I: [io.openliberty.microprofile.health.3.1.internal] [/health] [HealthCheckReadinessServlet]: Initialization successful.
[14/02/22, 14:59:15:622 IST] 00000059 com.ibm.ws.webcontainer.servlet                              I SRVE0242I: [io.openliberty.microprofile.health.3.1.internal] [/health] [HealthCheckServlet]: Initialization successful.
[14/02/22, 14:59:15:623 IST] 0000002f com.ibm.ws.webcontainer.servlet                              I SRVE0242I: [io.openliberty.microprofile.metrics.internal.public] [/metrics] [PublicMetricsRESTProxyServlet]: Initialization successful.
[14/02/22, 14:59:15:641 IST] 00000059 com.ibm.ws.webcontainer.servlet                              I SRVE0242I: [io.openliberty.microprofile.health.3.1.internal] [/health] [HealthCheckStartupServlet]: Initialization successful.
[14/02/22, 14:59:15:642 IST] 00000059 com.ibm.ws.webcontainer.servlet                              I SRVE0242I: [io.openliberty.microprofile.health.3.1.internal] [/health] [HealthCheckLivenessServlet]: Initialization successful.
[14/02/22, 14:59:15:664 IST] 00000030 com.ibm.ws.webcontainer.osgi.mbeans.PluginGenerator          I SRVE9103I: A configuration file for a web server plugin was automatically generated for this server at /Users/anusreegopi/Desktop/ANUSREE/A-TEST/java/MicroProfile/simpledemo/target/liberty/wlp/usr/servers/demo/logs/state/plugin-cfg.xml.
[14/02/22, 14:59:16:733 IST] 00000050 io.openliberty.microprofile.openapi20.ApplicationProcessor   I CWWKO1660I: The application demo was processed and an OpenAPI document was produced.
[14/02/22, 14:59:16:749 IST] 00000050 org.jboss.weld.Version                                       I WELD-000900: 3.1.8 (Final)
[14/02/22, 14:59:18:009 IST] 00000050 com.ibm.ws.webcontainer.osgi.webapp.WebGroup                 I SRVE0169I: Loading Web Module: demo.
[14/02/22, 14:59:18:009 IST] 00000050 com.ibm.ws.webcontainer                                      I SRVE0250I: Web Module demo has been bound to default_host.
[14/02/22, 14:59:18:010 IST] 00000050 com.ibm.ws.http.internal.VirtualHostImpl                     A CWWKT0016I: Web application available (default_host): http://localhost:9080/
[14/02/22, 14:59:18:012 IST] 00000047 com.ibm.ws.session.WASSessionCore                            I SESN0176I: A new session context will be created for application key default_host/
[14/02/22, 14:59:18:012 IST] 00000047 com.ibm.ws.util                                              I SESN0172I: The session manager is using the Java default SecureRandom implementation for session ID generation.
[14/02/22, 14:59:18:029 IST] 00000058 com.ibm.ws.webcontainer.osgi.mbeans.PluginGenerator          I SRVE9103I: A configuration file for a web server plugin was automatically generated for this server at /Users/anusreegopi/Desktop/ANUSREE/A-TEST/java/MicroProfile/simpledemo/target/liberty/wlp/usr/servers/demo/logs/state/plugin-cfg.xml.
[14/02/22, 14:59:18:032 IST] 00000047 com.ibm.ws.app.manager.AppMessageHelper                      A CWWKZ0001I: Application demo started in 2.788 seconds.
[14/02/22, 14:59:18:044 IST] 0000002d com.ibm.ws.tcpchannel.internal.TCPPort                       I CWWKO0219I: TCP Channel defaultHttpEndpoint has been started and is now listening for requests on host localhost  (IPv4: 127.0.0.1) port 9080.
[14/02/22, 14:59:18:047 IST] 0000002d com.ibm.ws.tcpchannel.internal.TCPPort                       I CWWKO0219I: TCP Channel defaultHttpEndpoint-ssl has been started and is now listening for requests on host localhost  (IPv4: 127.0.0.1) port 9443.
[14/02/22, 14:59:18:067 IST] 0000002d com.ibm.ws.kernel.feature.internal.FeatureManager            A CWWKF0012I: The server installed the following features: [appSecurity-3.0, cdi-2.0, distributedMap-1.0, el-3.0, jaxrs-2.1, jaxrsClient-2.1, jndi-1.0, json-1.0, jsonb-1.0, jsonp-1.1, jwt-1.0, microProfile-4.1, monitor-1.0, mpConfig-2.0, mpFaultTolerance-3.0, mpHealth-3.1, mpJwt-1.2, mpMetrics-3.0, mpOpenAPI-2.0, mpOpenTracing-2.0, mpRestClient-2.0, opentracing-2.0, servlet-4.0, ssl-1.0].
[14/02/22, 14:59:18:067 IST] 0000002d com.ibm.ws.kernel.feature.internal.FeatureManager            I CWWKF0008I: Feature update completed in 5.572 seconds.
[14/02/22, 14:59:18:067 IST] 0000002d com.ibm.ws.kernel.feature.internal.FeatureManager            A CWWKF0011I: The demo server is ready to run a smarter planet. The demo server started in 6.455 seconds.
[14/02/22, 14:59:20:349 IST] 0000004f com.ibm.ws.http.internal.VirtualHostImpl                     A CWWKT0017I: Web application removed (default_host): http://localhost:9080/
[14/02/22, 14:59:20:384 IST] 0000004f com.ibm.ws.app.manager.AppMessageHelper                      A CWWKZ0009I: The application demo has stopped successfully.
[14/02/22, 14:59:20:386 IST] 0000004f com.ibm.ws.app.manager.AppMessageHelper                      I CWWKZ0018I: Starting application demo.
[14/02/22, 14:59:20:387 IST] 0000004f bm.ws.app.manager.war.internal.WARDeployedAppInfoFactoryImpl I CWWKZ0134I: The demo application is using the loose application definition at the /Users/anusreegopi/Desktop/ANUSREE/A-TEST/java/MicroProfile/simpledemo/target/liberty/wlp/usr/servers/demo/apps/demo.war.xml location.
[14/02/22, 14:59:20:394 IST] 0000003a com.ibm.ws.webcontainer.osgi.mbeans.PluginGenerator          I SRVE9103I: A configuration file for a web server plugin was automatically generated for this server at /Users/anusreegopi/Desktop/ANUSREE/A-TEST/java/MicroProfile/simpledemo/target/liberty/wlp/usr/servers/demo/logs/state/plugin-cfg.xml.
[14/02/22, 14:59:20:908 IST] 0000004f io.openliberty.microprofile.openapi20.ApplicationProcessor   I CWWKO1660I: The application demo was processed and an OpenAPI document was produced.
[14/02/22, 14:59:21:203 IST] 0000004f com.ibm.ws.webcontainer.osgi.webapp.WebGroup                 I SRVE0169I: Loading Web Module: demo.
[14/02/22, 14:59:21:203 IST] 0000004f com.ibm.ws.webcontainer                                      I SRVE0250I: Web Module demo has been bound to default_host.
[14/02/22, 14:59:21:204 IST] 0000004f com.ibm.ws.http.internal.VirtualHostImpl                     A CWWKT0016I: Web application available (default_host): http://localhost:9080/
[14/02/22, 14:59:21:204 IST] 0000004c com.ibm.ws.session.WASSessionCore                            I SESN0176I: A new session context will be created for application key default_host/
[14/02/22, 14:59:21:204 IST] 0000004c com.ibm.ws.util                                              I SESN0172I: The session manager is using the Java default SecureRandom implementation for session ID generation.
[14/02/22, 14:59:21:212 IST] 0000004c com.ibm.ws.app.manager.AppMessageHelper                      A CWWKZ0003I: The application demo updated in 0.826 seconds.
[14/02/22, 14:59:21:217 IST] 00000056 com.ibm.ws.webcontainer.osgi.mbeans.PluginGenerator          I SRVE9103I: A configuration file for a web server plugin was automatically generated for this server at /Users/anusreegopi/Desktop/ANUSREE/A-TEST/java/MicroProfile/simpledemo/target/liberty/wlp/usr/servers/demo/logs/state/plugin-cfg.xml.
[14/02/22, 14:59:38:811 IST] 00000044 .apache.cxf.cxf.core.3.2:1.0.60.cl220120220103-1900(id=127)] I Setting the server's publish address to be /data/
[14/02/22, 14:59:38:881 IST] 00000044 com.ibm.ws.webcontainer.servlet                              I SRVE0242I: [demo] [/] [com.tm.demo.DemoRestApplication]: Initialization successful.
[14/02/22, 14:59:39:071 IST] 00000044 io.jaegertracing.Configuration                               I Initialized tracer=JaegerTracer(version=Java-1.5.0, serviceName=demo, reporter=RemoteReporter(sender=UdpSender(host=localhost, port=6831), closeEnqueueTimeout=1000), sampler=RemoteControlledSampler(maxOperations=2000, manager=HttpSamplingManager(hostPort=localhost:5778), sampler=ProbabilisticSampler(tags={sampler.type=probabilistic, sampler.param=0.001})), tags={hostname=Anusrees-MBP.bbrouter, jaeger.version=Java-1.5.0, ip=192.168.1.33}, zipkinSharedRpcSpan=false, expandExceptionLogs=false, useTraceId128Bit=false)
[14/02/22, 14:59:39:071 IST] 00000044 m.ibm.ws.microprofile.opentracing.jaeger.JaegerTracerFactory I CWMOT1001I: A JaegerTracer instance was created for the demo application.  Tracing information is sent to localhost:6831.
[14/02/22, 15:10:59:879 IST] 0000001d com.ibm.ws.kernel.launch.internal.FrameworkManager           A CWWKE0085I: The server demo is stopping because the JVM is exiting.
[14/02/22, 15:10:59:880 IST] 0000007d com.ibm.ws.runtime.update.internal.RuntimeUpdateManagerImpl  A CWWKE1100I: Waiting for up to 30 seconds for the server to quiesce.
[14/02/22, 15:10:59:886 IST] 0000003d com.ibm.ws.tcpchannel.internal.TCPChannel                    I CWWKO0220I: TCP Channel defaultHttpEndpoint-ssl has stopped listening for requests on host localhost  (IPv4: 127.0.0.1) port 9443.
[14/02/22, 15:10:59:888 IST] 0000003d com.ibm.ws.tcpchannel.internal.TCPChannel                    I CWWKO0220I: TCP Channel defaultHttpEndpoint has stopped listening for requests on host localhost  (IPv4: 127.0.0.1) port 9080.
[14/02/22, 15:10:59:888 IST] 0000003d com.ibm.ws.http.internal.VirtualHostImpl                     A CWWKT0017I: Web application removed (default_host): http://localhost:9080/jwt/
[14/02/22, 15:10:59:888 IST] 0000003d com.ibm.ws.http.internal.VirtualHostImpl                     A CWWKT0017I: Web application removed (default_host): http://localhost:9080/openapi/ui/
[14/02/22, 15:10:59:889 IST] 0000003d com.ibm.ws.http.internal.VirtualHostImpl                     A CWWKT0017I: Web application removed (default_host): http://localhost:9080/health/
[14/02/22, 15:10:59:889 IST] 0000003d com.ibm.ws.http.internal.VirtualHostImpl                     A CWWKT0017I: Web application removed (default_host): http://localhost:9080/metrics/
[14/02/22, 15:10:59:889 IST] 0000003d com.ibm.ws.http.internal.VirtualHostImpl                     A CWWKT0017I: Web application removed (default_host): http://localhost:9080/
[14/02/22, 15:10:59:889 IST] 0000003d com.ibm.ws.http.internal.VirtualHostImpl                     A CWWKT0017I: Web application removed (default_host): http://localhost:9080/ibm/api/
[14/02/22, 15:10:59:889 IST] 0000003d com.ibm.ws.http.internal.VirtualHostImpl                     A CWWKT0017I: Web application removed (default_host): http://localhost:9080/openapi/
[14/02/22, 15:11:00:087 IST] 0000001e com.ibm.ws.kernel.launch.internal.ServerCommandListener      A CWWKE0055I: Server shutdown requested on Monday, 14 February, 2022 at 3:11 pm. The server demo is shutting down.
[14/02/22, 15:11:00:896 IST] 0000007d com.ibm.ws.runtime.update.internal.RuntimeUpdateManagerImpl  I CWWKE1101I: Server quiesce complete.
[14/02/22, 15:11:00:920 IST] 0000002f com.ibm.ws.app.manager.AppMessageHelper                      A CWWKZ0009I: The application demo has stopped successfully.
[14/02/22, 15:11:01:080 IST] 0000007d .microprofile.metrics.internal.monitor.MonitorMetricsHandler I CWPMI2004I: All monitoring metrics were unregistered from mpMetrics.
[14/02/22, 15:11:01:099 IST] 0000007d rty.security.mp.jwt.v12.config.impl.MpConfigProxyServiceImpl I CWWKS5782I: The MicroProfile JWT version 1.2 mpConfigProxy deactivated successfully.
[14/02/22, 15:11:01:100 IST] 0000007d .ws.security.mp.jwt.v11.config.impl.MpConfigProxyServiceImpl I CWWKS5777I: The MicroProfile JWT version 1.1 mpConfigProxy deactivated successfully.
[14/02/22, 15:11:01:117 IST] 0000007d com.ibm.ws.security.mp.jwt.impl.MicroProfileJwtConfigImpl    I CWWKS5502I: The MicroProfile JWT configuration [jwtUserConsumer] was successfully deactivated.
[14/02/22, 15:11:01:117 IST] 0000007d com.ibm.ws.security.mp.jwt.impl.MicroProfileJwtConfigImpl    I CWWKS5502I: The MicroProfile JWT configuration [defaultMpJwt] was successfully deactivated.
[14/02/22, 15:11:01:118 IST] 0000007d com.ibm.ws.security.mp.jwt.impl.MicroProfileJwtServiceImpl   I CWWKS5502I: The MicroProfile JWT configuration [MicroProfileJwtService] was successfully deactivated.
[14/02/22, 15:11:01:218 IST] 0000007d com.ibm.ws.security.ready.internal.SecurityReadyServiceImpl  I CWWKS0009I: The security service has stopped.
[14/02/22, 15:11:01:237 IST] 0000007d ibm.ws.security.authentication.internal.jaas.JAASServiceImpl I CWWKS1124I: The collective authentication plugin with class name NullCollectiveAuthenticationPlugin has been deactivated. 
[14/02/22, 15:11:01:514 IST] 00000001 com.ibm.ws.kernel.launch.internal.FrameworkManager           A CWWKE0036I: The server demo stopped after 11 minutes, 49.963 seconds.
